<?xml version="1.0" encoding="UTF-8"?>
<!-- Generated by org.testng.reporters.JUnitReportReporter -->
<testsuite skipped="0" hostname="SANTOSH-HPP" name="SKTest.MavenJava.SeleniumTest" tests="1" failures="0" timestamp="2020-05-17T15:05:19 IST" time="0.010" errors="0">
  <testcase name="browserAutomation" time="0.010" classname="SKTest.MavenJava.SeleniumTest"/>
  <system-out/>
</testsuite> <!-- SKTest.MavenJava.SeleniumTest -->
