<?xml version="1.0" encoding="UTF-8"?>
<!-- Generated by org.testng.reporters.JUnitReportReporter -->
<testsuite skipped="0" hostname="SANTOSH-HPP" name="SKTest.MavenJava.RestAPITest" tests="2" failures="0" timestamp="2020-05-21T16:03:37 IST" time="0.002" errors="0">
  <testcase name="restAPI2" time="0.001" classname="SKTest.MavenJava.RestAPITest"/>
  <system-out/>
  <testcase name="restAPI1" time="0.001" classname="SKTest.MavenJava.RestAPITest"/>
  <system-out/>
</testsuite> <!-- SKTest.MavenJava.RestAPITest -->
