<?xml version="1.0" encoding="UTF-8"?>
<!-- Generated by org.testng.reporters.JUnitReportReporter -->
<testsuite skipped="0" hostname="SANTOSH-HPP" name="SKTest.MavenJava.AppiumTest" tests="2" failures="0" timestamp="2020-05-21T16:03:37 IST" time="0.011" errors="0">
  <testcase name="NativeAppAndroid" time="0.010" classname="SKTest.MavenJava.AppiumTest"/>
  <system-out/>
  <testcase name="iosApp" time="0.001" classname="SKTest.MavenJava.AppiumTest"/>
  <system-out/>
</testsuite> <!-- SKTest.MavenJava.AppiumTest -->
