<?xml version="1.0" encoding="UTF-8"?>
<!-- Generated by org.testng.reporters.JUnitReportReporter -->
<testsuite skipped="0" hostname="SANTOSH-HPP" name="SKTest.MavenJava.SeleniumTest" tests="2" failures="0" timestamp="2020-05-21T16:03:37 IST" time="0.002" errors="0">
  <testcase name="browserAutomation" time="0.002" classname="SKTest.MavenJava.SeleniumTest"/>
  <system-out/>
  <testcase name="uiElements" time="0.000" classname="SKTest.MavenJava.SeleniumTest"/>
  <system-out/>
</testsuite> <!-- SKTest.MavenJava.SeleniumTest -->
